Arguments: 
  /home/cyriac/.nvm/versions/node/v10.15.0/bin/node /usr/share/yarn/bin/yarn.js add @types/pixijs

PATH: 
  /home/cyriac/.deno/bin:/home/cyriac/.nvm/versions/node/v10.15.0/bin:/home/cyriac/.local/bin:/usr/local/sbin:/usr/local/bin:/usr/sbin:/usr/bin:/sbin:/bin:/usr/games:/usr/local/games:/snap/bin:/home/cyriac/.dotnet/tools:/usr/lib/jvm/java-8-oracle/bin:/usr/lib/jvm/java-8-oracle/db/bin:/usr/lib/jvm/java-8-oracle/jre/bin:/home/cyriac/.dotnet/tools:/usr/lib/jvm/java-8-oracle/bin:/usr/lib/jvm/java-8-oracle/db/bin:/usr/lib/jvm/java-8-oracle/jre/bin

Yarn version: 
  1.15.2

Node version: 
  10.15.0

Platform: 
  linux x64

Trace: 
  Error: https://registry.yarnpkg.com/@types%2fpixijs: Not found
      at Request.params.callback [as _callback] (/usr/share/yarn/lib/cli.js:66058:18)
      at Request.self.callback (/usr/share/yarn/lib/cli.js:129541:22)
      at Request.emit (events.js:182:13)
      at Request.<anonymous> (/usr/share/yarn/lib/cli.js:130513:10)
      at Request.emit (events.js:182:13)
      at IncomingMessage.<anonymous> (/usr/share/yarn/lib/cli.js:130435:12)
      at Object.onceWrapper (events.js:273:13)
      at IncomingMessage.emit (events.js:187:15)
      at endReadableNT (_stream_readable.js:1094:12)
      at process._tickCallback (internal/process/next_tick.js:63:19)

npm manifest: 
  {
    "name": "mv-mockup",
    "version": "1.0",
    "description": "",
    "types": "dist/index.d.ts",
    "scripts": {
      "build": "rollup -c",
      "watch": "rollup -cw",
      "test": "jest"
    },
    "author": "CyriacBr <cyriacbr@gmail.com>",
    "repository": {
      "type": "github",
      "url": "https://github.com/CyriacBr/es5-to-dts.git"
    },
    "license": "MIT",
    "devDependencies": {
      "@types/jest": "^24.0.11",
      "chalk": "^2.4.2",
      "jest": "^24.5.0",
      "rollup": "^1.1.2",
      "rollup-plugin-dts": "^0.10.0",
      "rollup-plugin-json": "^4.0.0",
      "rollup-plugin-re": "^1.0.7",
      "rollup-plugin-typescript2": "^0.20.1",
      "ts-jest": "^24.0.0",
      "tslib": "^1.9.3",
      "typescript": "^3.3.3333"
    },
    "dependencies": {
      "@types/astring": "^1.3.0",
      "@types/node": "^11.10.5",
      "commander": "^2.19.0",
      "dot-object": "^1.7.1",
      "ora": "^3.2.0",
      "tsutils": "^3.9.1"
    }
  }

yarn manifest: 
  No manifest

Lockfile: 
  No lockfile
